
*** Running xst
    with args -ifn "mojo_top_0.xst" -ofn "mojo_top_0.srp" -intstyle ise

Reading design: mojo_top_0.prj

=========================================================================
*                          HDL Parsing                                  *
=========================================================================
Analyzing Verilog file "D:/mojo/16alu/work/planAhead/16alu/16alu.srcs/sources_1/imports/verilog/pipeline_9.v" into library work
Parsing module <pipeline_9>.
Analyzing Verilog file "D:/mojo/16alu/work/planAhead/16alu/16alu.srcs/sources_1/imports/verilog/reset_conditioner_1.v" into library work
Parsing module <reset_conditioner_1>.
Analyzing Verilog file "D:/mojo/16alu/work/planAhead/16alu/16alu.srcs/sources_1/imports/verilog/edge_detector_2.v" into library work
Parsing module <edge_detector_2>.
Analyzing Verilog file "D:/mojo/16alu/work/planAhead/16alu/16alu.srcs/sources_1/imports/verilog/button_conditioner_3.v" into library work
Parsing module <button_conditioner_3>.
Analyzing Verilog file "D:/mojo/16alu/work/planAhead/16alu/16alu.srcs/sources_1/imports/verilog/adder_8.v" into library work
Parsing module <adder_8>.
Analyzing Verilog file "D:/mojo/16alu/work/planAhead/16alu/16alu.srcs/sources_1/imports/verilog/mojo_top_0.v" into library work
Parsing module <mojo_top_0>.

=========================================================================
*                            HDL Elaboration                            *
=========================================================================

Elaborating module <mojo_top_0>.

Elaborating module <reset_conditioner_1>.

Elaborating module <edge_detector_2>.

Elaborating module <button_conditioner_3>.

Elaborating module <pipeline_9>.

Elaborating module <adder_8>.

=========================================================================
*                           HDL Synthesis                               *
=========================================================================

Synthesizing Unit <mojo_top_0>.
    Related source file is "D:/mojo/16alu/work/planAhead/16alu/16alu.srcs/sources_1/imports/verilog/mojo_top_0.v".
WARNING:Xst:647 - Input <io_button<0:0>> is never used. This port will be preserved and left unconnected if it belongs to a top-level block or it belongs to a sub-block and the hierarchy of this sub-block is preserved.
WARNING:Xst:647 - Input <io_button<2:2>> is never used. This port will be preserved and left unconnected if it belongs to a top-level block or it belongs to a sub-block and the hierarchy of this sub-block is preserved.
WARNING:Xst:647 - Input <cclk> is never used. This port will be preserved and left unconnected if it belongs to a top-level block or it belongs to a sub-block and the hierarchy of this sub-block is preserved.
WARNING:Xst:647 - Input <spi_ss> is never used. This port will be preserved and left unconnected if it belongs to a top-level block or it belongs to a sub-block and the hierarchy of this sub-block is preserved.
WARNING:Xst:647 - Input <spi_mosi> is never used. This port will be preserved and left unconnected if it belongs to a top-level block or it belongs to a sub-block and the hierarchy of this sub-block is preserved.
WARNING:Xst:647 - Input <spi_sck> is never used. This port will be preserved and left unconnected if it belongs to a top-level block or it belongs to a sub-block and the hierarchy of this sub-block is preserved.
WARNING:Xst:647 - Input <avr_tx> is never used. This port will be preserved and left unconnected if it belongs to a top-level block or it belongs to a sub-block and the hierarchy of this sub-block is preserved.
WARNING:Xst:647 - Input <avr_rx_busy> is never used. This port will be preserved and left unconnected if it belongs to a top-level block or it belongs to a sub-block and the hierarchy of this sub-block is preserved.
    Found 1-bit tristate buffer for signal <spi_miso> created at line 112
    Found 1-bit tristate buffer for signal <spi_channel<3>> created at line 112
    Found 1-bit tristate buffer for signal <spi_channel<2>> created at line 112
    Found 1-bit tristate buffer for signal <spi_channel<1>> created at line 112
    Found 1-bit tristate buffer for signal <spi_channel<0>> created at line 112
    Found 1-bit tristate buffer for signal <avr_rx> created at line 112
    Summary:
	inferred  39 Multiplexer(s).
	inferred   6 Tristate(s).
Unit <mojo_top_0> synthesized.

Synthesizing Unit <reset_conditioner_1>.
    Related source file is "D:/mojo/16alu/work/planAhead/16alu/16alu.srcs/sources_1/imports/verilog/reset_conditioner_1.v".
    Found 4-bit register for signal <M_stage_q>.
    Summary:
	inferred   4 D-type flip-flop(s).
Unit <reset_conditioner_1> synthesized.

Synthesizing Unit <edge_detector_2>.
    Related source file is "D:/mojo/16alu/work/planAhead/16alu/16alu.srcs/sources_1/imports/verilog/edge_detector_2.v".
    Found 1-bit register for signal <M_last_q>.
    Summary:
	inferred   1 D-type flip-flop(s).
Unit <edge_detector_2> synthesized.

Synthesizing Unit <button_conditioner_3>.
    Related source file is "D:/mojo/16alu/work/planAhead/16alu/16alu.srcs/sources_1/imports/verilog/button_conditioner_3.v".
    Found 20-bit register for signal <M_ctr_q>.
    Found 20-bit adder for signal <M_ctr_q[19]_GND_4_o_add_2_OUT> created at line 39.
    Summary:
	inferred   1 Adder/Subtractor(s).
	inferred  20 D-type flip-flop(s).
Unit <button_conditioner_3> synthesized.

Synthesizing Unit <pipeline_9>.
    Related source file is "D:/mojo/16alu/work/planAhead/16alu/16alu.srcs/sources_1/imports/verilog/pipeline_9.v".
    Found 2-bit register for signal <M_pipe_q>.
    Summary:
	inferred   2 D-type flip-flop(s).
Unit <pipeline_9> synthesized.

Synthesizing Unit <adder_8>.
    Related source file is "D:/mojo/16alu/work/planAhead/16alu/16alu.srcs/sources_1/imports/verilog/adder_8.v".
WARNING:Xst:647 - Input <io_dip<15:0>> is never used. This port will be preserved and left unconnected if it belongs to a top-level block or it belongs to a sub-block and the hierarchy of this sub-block is preserved.
WARNING:Xst:647 - Input <io_dip<23:17>> is never used. This port will be preserved and left unconnected if it belongs to a top-level block or it belongs to a sub-block and the hierarchy of this sub-block is preserved.
WARNING:Xst:647 - Input <clk> is never used. This port will be preserved and left unconnected if it belongs to a top-level block or it belongs to a sub-block and the hierarchy of this sub-block is preserved.
WARNING:Xst:647 - Input <rst> is never used. This port will be preserved and left unconnected if it belongs to a top-level block or it belongs to a sub-block and the hierarchy of this sub-block is preserved.
    Found 16-bit subtractor for signal <a[15]_b[15]_sub_3_OUT> created at line 29.
    Found 16-bit adder for signal <a[15]_b[15]_add_1_OUT> created at line 27.
    Found 16-bit adder for signal <n0034> created at line 40.
    Summary:
	inferred   2 Adder/Subtractor(s).
	inferred   1 Multiplexer(s).
Unit <adder_8> synthesized.

=========================================================================
HDL Synthesis Report

Macro Statistics
# Adders/Subtractors                                   : 5
 16-bit adder                                          : 1
 16-bit addsub                                         : 1
 20-bit adder                                          : 3
# Registers                                            : 10
 1-bit register                                        : 3
 2-bit register                                        : 3
 20-bit register                                       : 3
 4-bit register                                        : 1
# Multiplexers                                         : 40
 1-bit 2-to-1 multiplexer                              : 36
 16-bit 2-to-1 multiplexer                             : 3
 24-bit 2-to-1 multiplexer                             : 1
# Tristates                                            : 6
 1-bit tristate buffer                                 : 6

=========================================================================

=========================================================================
*                       Advanced HDL Synthesis                          *
=========================================================================


Synthesizing (advanced) Unit <button_conditioner_3>.
The following registers are absorbed into counter <M_ctr_q>: 1 register on signal <M_ctr_q>.
Unit <button_conditioner_3> synthesized (advanced).

=========================================================================
Advanced HDL Synthesis Report

Macro Statistics
# Adders/Subtractors                                   : 2
 16-bit adder                                          : 1
 16-bit addsub                                         : 1
# Counters                                             : 3
 20-bit up counter                                     : 3
# Registers                                            : 13
 Flip-Flops                                            : 13
# Multiplexers                                         : 39
 1-bit 2-to-1 multiplexer                              : 35
 16-bit 2-to-1 multiplexer                             : 3
 24-bit 2-to-1 multiplexer                             : 1

=========================================================================

=========================================================================
*                         Low Level Synthesis                           *
=========================================================================

Optimizing unit <mojo_top_0> ...

Optimizing unit <adder_8> ...
WARNING:Xst:2677 - Node <reset_cond/M_stage_q_3> of sequential type is unconnected in block <mojo_top_0>.
WARNING:Xst:2677 - Node <reset_cond/M_stage_q_2> of sequential type is unconnected in block <mojo_top_0>.
WARNING:Xst:2677 - Node <reset_cond/M_stage_q_1> of sequential type is unconnected in block <mojo_top_0>.
WARNING:Xst:2677 - Node <reset_cond/M_stage_q_0> of sequential type is unconnected in block <mojo_top_0>.

Mapping all equations...
Building and optimizing final netlist ...
Found area constraint ratio of 100 (+ 0) on block mojo_top_0, actual ratio is 4.

Final Macro Processing ...

Processing Unit <mojo_top_0> :
	Found 2-bit shift register for signal <button_cond/sync/M_pipe_q_1>.
	Found 2-bit shift register for signal <button_cond2/sync/M_pipe_q_1>.
	Found 2-bit shift register for signal <button_cond3/sync/M_pipe_q_1>.
Unit <mojo_top_0> processed.

=========================================================================
Final Register Report

Macro Statistics
# Registers                                            : 63
 Flip-Flops                                            : 63
# Shift Registers                                      : 3
 2-bit shift register                                  : 3

=========================================================================

=========================================================================
*                           Partition Report                            *
=========================================================================

Partition Implementation Status
-------------------------------

  No Partitions were found in this design.

-------------------------------

=========================================================================
*                            Design Summary                             *
=========================================================================

Clock Information:
------------------
-----------------------------------+------------------------+-------+
Clock Signal                       | Clock buffer(FF name)  | Load  |
-----------------------------------+------------------------+-------+
clk                                | BUFGP                  | 69    |
-----------------------------------+------------------------+-------+

Asynchronous Control Signals Information:
----------------------------------------
No asynchronous control signals found in this design

Timing Summary:
---------------
Speed Grade: -2

   Minimum period: 4.789ns (Maximum Frequency: 208.812MHz)
   Minimum input arrival time before clock: 2.009ns
   Maximum output required time after clock: 12.699ns
   Maximum combinational path delay: 9.905ns

=========================================================================
